[01m[K/home/hibiki/Robomech/Robo-MECS_exercise/001_robot_system/015_ros/omni_simulation/src/experiments/src/exp1.cpp:[m[K In member function â€˜[01m[Kvoid PDCtl::cmd_vel_cb(geometry_msgs::msg::Twist)[m[Kâ€™:
[01m[K/home/hibiki/Robomech/Robo-MECS_exercise/001_robot_system/015_ros/omni_simulation/src/experiments/src/exp1.cpp:29:32:[m[K [01;31m[Kerror: [m[Kdeclaration of â€˜[01m[Kstd_msgs::msg::Float64 msg[m[Kâ€™ shadows a parameter
   29 |         std_msgs::msg::Float64 [01;31m[Kmsg[m[K;
      |                                [01;31m[K^~~[m[K
[01m[K/home/hibiki/Robomech/Robo-MECS_exercise/001_robot_system/015_ros/omni_simulation/src/experiments/src/exp1.cpp:25:53:[m[K [01;36m[Knote: [m[Kâ€˜[01m[Kconst Twist msg[m[Kâ€™ previously declared here
   25 |     void cmd_vel_cb([01;36m[Kconst geometry_msgs::msg::Twist msg[m[K){
      |                     [01;36m[K~~~~~~~~~~~~~~~~~~~~~~~~~~~~~~~~^~~[m[K
gmake[2]: *** [CMakeFiles/exp1.dir/build.make:76: CMakeFiles/exp1.dir/src/exp1.cpp.o] Error 1
gmake[1]: *** [CMakeFiles/Makefile2:137: CMakeFiles/exp1.dir/all] Error 2
gmake: *** [Makefile:146: all] Error 2
