[ 50%] [32mBuilding CXX object CMakeFiles/exp1.dir/src/exp1.cpp.o[0m
[01m[K/home/hibiki/Robomech/Robo-MECS_exercise/001_robot_system/015_ros/omni_simulation/src/experiments/src/exp1.cpp:[m[K In member function â€˜[01m[Kvoid PDCtl::cmd_vel_cb(geometry_msgs::msg::Twist)[m[Kâ€™:
[01m[K/home/hibiki/Robomech/Robo-MECS_exercise/001_robot_system/015_ros/omni_simulation/src/experiments/src/exp1.cpp:29:32:[m[K [01;31m[Kerror: [m[Kdeclaration of â€˜[01m[Kstd_msgs::msg::Float64 msg[m[Kâ€™ shadows a parameter
   29 |         std_msgs::msg::Float64 [01;31m[Kmsg[m[K;
      |                                [01;31m[K^~~[m[K
[01m[K/home/hibiki/Robomech/Robo-MECS_exercise/001_robot_system/015_ros/omni_simulation/src/experiments/src/exp1.cpp:25:53:[m[K [01;36m[Knote: [m[Kâ€˜[01m[Kconst Twist msg[m[Kâ€™ previously declared here
   25 |     void cmd_vel_cb([01;36m[Kconst geometry_msgs::msg::Twist msg[m[K){
      |                     [01;36m[K~~~~~~~~~~~~~~~~~~~~~~~~~~~~~~~~^~~[m[K
[01m[K/home/hibiki/Robomech/Robo-MECS_exercise/001_robot_system/015_ros/omni_simulation/src/experiments/src/exp1.cpp:30:15:[m[K [01;31m[Kerror: [m[Kno match for â€˜[01m[Koperator=[m[Kâ€™ (operand types are â€˜[01m[Kstd_msgs::msg::Float64[m[Kâ€™ {aka â€˜[01m[Kstd_msgs::msg::Float64_<std::allocator<void> >[m[Kâ€™} and â€˜[01m[Kdouble[m[Kâ€™)
   30 |         msg = [01;31m[Kvel_x[m[K;
      |               [01;31m[K^~~~~[m[K
In file included from [01m[K/opt/ros/humble/include/std_msgs/std_msgs/msg/float64.hpp:7[m[K,
                 from [01m[K/home/hibiki/Robomech/Robo-MECS_exercise/001_robot_system/015_ros/omni_simulation/src/experiments/src/exp1.cpp:4[m[K:
[01m[K/opt/ros/humble/include/std_msgs/std_msgs/msg/detail/float64__struct.hpp:32:8:[m[K [01;36m[Knote: [m[Kcandidate: â€˜[01m[Kconstexpr std_msgs::msg::Float64_<std::allocator<void> >& std_msgs::msg::Float64_<std::allocator<void> >::operator=(const std_msgs::msg::Float64_<std::allocator<void> >&)[m[Kâ€™
   32 | struct [01;36m[KFloat64_[m[K
      |        [01;36m[K^~~~~~~~[m[K
[01m[K/opt/ros/humble/include/std_msgs/std_msgs/msg/detail/float64__struct.hpp:32:8:[m[K [01;36m[Knote: [m[K  no known conversion for argument 1 from â€˜[01m[Kdouble[m[Kâ€™ to â€˜[01m[Kconst std_msgs::msg::Float64_<std::allocator<void> >&[m[Kâ€™
[01m[K/opt/ros/humble/include/std_msgs/std_msgs/msg/detail/float64__struct.hpp:32:8:[m[K [01;36m[Knote: [m[Kcandidate: â€˜[01m[Kconstexpr std_msgs::msg::Float64_<std::allocator<void> >& std_msgs::msg::Float64_<std::allocator<void> >::operator=(std_msgs::msg::Float64_<std::allocator<void> >&&)[m[Kâ€™
[01m[K/opt/ros/humble/include/std_msgs/std_msgs/msg/detail/float64__struct.hpp:32:8:[m[K [01;36m[Knote: [m[K  no known conversion for argument 1 from â€˜[01m[Kdouble[m[Kâ€™ to â€˜[01m[Kstd_msgs::msg::Float64_<std::allocator<void> >&&[m[Kâ€™
gmake[2]: *** [CMakeFiles/exp1.dir/build.make:76: CMakeFiles/exp1.dir/src/exp1.cpp.o] Error 1
gmake[1]: *** [CMakeFiles/Makefile2:137: CMakeFiles/exp1.dir/all] Error 2
gmake: *** [Makefile:146: all] Error 2
