[ 50%] [32mBuilding CXX object CMakeFiles/exp1.dir/src/exp1.cpp.o[0m
[01m[K/home/hibiki/Robomech/Robo-MECS_exercise/001_robot_system/015_ros/omni_simulation/src/experiments/src/exp1.cpp:11:11:[m[K [01;31m[Kerror: [m[Kexpected â€˜[01m[K;[m[Kâ€™ at end of member declaration
   11 |     PDCtl([01;31m[K)[m[K Node("pd_ctl"){
      |           [01;31m[K^[m[K
      |            [32m[K;[m[K
[01m[K/home/hibiki/Robomech/Robo-MECS_exercise/001_robot_system/015_ros/omni_simulation/src/experiments/src/exp1.cpp:11:18:[m[K [01;31m[Kerror: [m[Kexpected unqualified-id before string constant
   11 |     PDCtl() Node([01;31m[K"pd_ctl"[m[K){
      |                  [01;31m[K^~~~~~~~[m[K
[01m[K/home/hibiki/Robomech/Robo-MECS_exercise/001_robot_system/015_ros/omni_simulation/src/experiments/src/exp1.cpp:11:18:[m[K [01;31m[Kerror: [m[Kexpected â€˜[01m[K)[m[Kâ€™ before string constant
   11 |     PDCtl() Node[34m[K([m[K[01;31m[K"[m[K[32m[Kpd_ctl"[m[K){
      |                 [34m[K~[m[K[01;31m[K^[m[K[32m[K~~~~~~~[m[K
      |                  [32m[K)[m[K
[01m[K/home/hibiki/Robomech/Robo-MECS_exercise/001_robot_system/015_ros/omni_simulation/src/experiments/src/exp1.cpp:24:47:[m[K [01;31m[Kerror: [m[Kâ€˜[01m[KTwist[m[Kâ€™ in namespace â€˜[01m[Kgeometry_msgs::msg[m[Kâ€™ does not name a type
   24 |     void cmd_vel_cb(const geometry_msgs::msg::[01;31m[KTwist[m[K msg){
      |                                               [01;31m[K^~~~~[m[K
[01m[K/home/hibiki/Robomech/Robo-MECS_exercise/001_robot_system/015_ros/omni_simulation/src/experiments/src/exp1.cpp:32:5:[m[K [01;31m[Kerror: [m[Kâ€˜[01m[Krclepp[m[Kâ€™ does not name a type
   32 |     [01;31m[Krclepp[m[K::Subscription<geometry_msgs::msg::Twist>::SharedPtr cmd_vel_subscription_;
      |     [01;31m[K^~~~~~[m[K
[01m[K/home/hibiki/Robomech/Robo-MECS_exercise/001_robot_system/015_ros/omni_simulation/src/experiments/src/exp1.cpp:34:23:[m[K [01;31m[Kerror: [m[Kâ€˜[01m[Kstd_mgs[m[Kâ€™ was not declared in this scope; did you mean â€˜[01m[Kstd_msgs[m[Kâ€™?
   34 |     rclcpp::Publisher<[01;31m[Kstd_mgs[m[K::msg::Float64>::SharedPtr cmd_x_vel_publisher_;
      |                       [01;31m[K^~~~~~~[m[K
      |                       [32m[Kstd_msgs[m[K
[01m[K/home/hibiki/Robomech/Robo-MECS_exercise/001_robot_system/015_ros/omni_simulation/src/experiments/src/exp1.cpp:34:44:[m[K [01;31m[Kerror: [m[Ktemplate argument 1 is invalid
   34 |     rclcpp::Publisher<std_mgs::msg::Float64[01;31m[K>[m[K::SharedPtr cmd_x_vel_publisher_;
      |                                            [01;31m[K^[m[K
[01m[K/home/hibiki/Robomech/Robo-MECS_exercise/001_robot_system/015_ros/omni_simulation/src/experiments/src/exp1.cpp:34:47:[m[K [01;31m[Kerror: [m[Kexpected â€˜[01m[K;[m[Kâ€™ at end of member declaration
   34 |     rclcpp::Publisher<std_mgs::msg::Float64>::[01;31m[KSharedPtr[m[K cmd_x_vel_publisher_;
      |                                               [01;31m[K^~~~~~~~~[m[K
      |                                                        [32m[K;[m[K
[01m[K/home/hibiki/Robomech/Robo-MECS_exercise/001_robot_system/015_ros/omni_simulation/src/experiments/src/exp1.cpp:34:57:[m[K [01;31m[Kerror: [m[Kâ€˜[01m[Kcmd_x_vel_publisher_[m[Kâ€™ does not name a type
   34 |     rclcpp::Publisher<std_mgs::msg::Float64>::SharedPtr [01;31m[Kcmd_x_vel_publisher_[m[K;
      |                                                         [01;31m[K^~~~~~~~~~~~~~~~~~~~[m[K
[01m[K/home/hibiki/Robomech/Robo-MECS_exercise/001_robot_system/015_ros/omni_simulation/src/experiments/src/exp1.cpp:[m[K In member function â€˜[01m[Kvoid PDCtl::cmd_vel_cb(int)[m[Kâ€™:
[01m[K/home/hibiki/Robomech/Robo-MECS_exercise/001_robot_system/015_ros/omni_simulation/src/experiments/src/exp1.cpp:25:21:[m[K [01;31m[Kerror: [m[Krequest for member â€˜[01m[Klinear[m[Kâ€™ in â€˜[01m[Kmsg[m[Kâ€™, which is of non-class type â€˜[01m[Kconst int[m[Kâ€™
   25 |         vel_x = msg.[01;31m[Klinear[m[K.x;
      |                     [01;31m[K^~~~~~[m[K
[01m[K/home/hibiki/Robomech/Robo-MECS_exercise/001_robot_system/015_ros/omni_simulation/src/experiments/src/exp1.cpp:26:21:[m[K [01;31m[Kerror: [m[Krequest for member â€˜[01m[Klinear[m[Kâ€™ in â€˜[01m[Kmsg[m[Kâ€™, which is of non-class type â€˜[01m[Kconst int[m[Kâ€™
   26 |         vel_y = msg.[01;31m[Klinear[m[K.y;
      |                     [01;31m[K^~~~~~[m[K
[01m[K/home/hibiki/Robomech/Robo-MECS_exercise/001_robot_system/015_ros/omni_simulation/src/experiments/src/exp1.cpp:28:9:[m[K [01;31m[Kerror: [m[Kâ€˜[01m[Kcmd_x_vel_publisher_[m[Kâ€™ was not declared in this scope
   28 |         [01;31m[Kcmd_x_vel_publisher_[m[K->publish(vel_x);
      |         [01;31m[K^~~~~~~~~~~~~~~~~~~~[m[K
gmake[2]: *** [CMakeFiles/exp1.dir/build.make:76: CMakeFiles/exp1.dir/src/exp1.cpp.o] Error 1
gmake[1]: *** [CMakeFiles/Makefile2:137: CMakeFiles/exp1.dir/all] Error 2
gmake: *** [Makefile:146: all] Error 2
