[01m[K/home/hibiki/Robomech/Robo-MECS_exercise/001_robot_system/015_ros/omni_simulation/src/experiments/src/exp1.cpp:24:47:[m[K [01;31m[Kerror: [m[Kâ€˜[01m[KTwist[m[Kâ€™ in namespace â€˜[01m[Kgeometry_msgs::msg[m[Kâ€™ does not name a type
   24 |     void cmd_vel_cb(const geometry_msgs::msg::[01;31m[KTwist[m[K msg){
      |                                               [01;31m[K^~~~~[m[K
[01m[K/home/hibiki/Robomech/Robo-MECS_exercise/001_robot_system/015_ros/omni_simulation/src/experiments/src/exp1.cpp:32:5:[m[K [01;31m[Kerror: [m[Kâ€˜[01m[Krclepp[m[Kâ€™ does not name a type
   32 |     [01;31m[Krclepp[m[K::Subscription<geometry_msgs::msg::Twist>::SharedPtr cmd_vel_subscription_;
      |     [01;31m[K^~~~~~[m[K
[01m[K/home/hibiki/Robomech/Robo-MECS_exercise/001_robot_system/015_ros/omni_simulation/src/experiments/src/exp1.cpp:34:23:[m[K [01;31m[Kerror: [m[Kâ€˜[01m[Kstd_mgs[m[Kâ€™ was not declared in this scope; did you mean â€˜[01m[Kstd_msgs[m[Kâ€™?
   34 |     rclcpp::Publisher<[01;31m[Kstd_mgs[m[K::msg::Float64>::SharedPtr cmd_x_vel_publisher_;
      |                       [01;31m[K^~~~~~~[m[K
      |                       [32m[Kstd_msgs[m[K
[01m[K/home/hibiki/Robomech/Robo-MECS_exercise/001_robot_system/015_ros/omni_simulation/src/experiments/src/exp1.cpp:34:44:[m[K [01;31m[Kerror: [m[Ktemplate argument 1 is invalid
   34 |     rclcpp::Publisher<std_mgs::msg::Float64[01;31m[K>[m[K::SharedPtr cmd_x_vel_publisher_;
      |                                            [01;31m[K^[m[K
[01m[K/home/hibiki/Robomech/Robo-MECS_exercise/001_robot_system/015_ros/omni_simulation/src/experiments/src/exp1.cpp:34:47:[m[K [01;31m[Kerror: [m[Kexpected â€˜[01m[K;[m[Kâ€™ at end of member declaration
   34 |     rclcpp::Publisher<std_mgs::msg::Float64>::[01;31m[KSharedPtr[m[K cmd_x_vel_publisher_;
      |                                               [01;31m[K^~~~~~~~~[m[K
      |                                                        [32m[K;[m[K
[01m[K/home/hibiki/Robomech/Robo-MECS_exercise/001_robot_system/015_ros/omni_simulation/src/experiments/src/exp1.cpp:34:57:[m[K [01;31m[Kerror: [m[Kâ€˜[01m[Kcmd_x_vel_publisher_[m[Kâ€™ does not name a type
   34 |     rclcpp::Publisher<std_mgs::msg::Float64>::SharedPtr [01;31m[Kcmd_x_vel_publisher_[m[K;
      |                                                         [01;31m[K^~~~~~~~~~~~~~~~~~~~[m[K
[01m[K/home/hibiki/Robomech/Robo-MECS_exercise/001_robot_system/015_ros/omni_simulation/src/experiments/src/exp1.cpp:[m[K In constructor â€˜[01m[KPDCtl::PDCtl()[m[Kâ€™:
[01m[K/home/hibiki/Robomech/Robo-MECS_exercise/001_robot_system/015_ros/omni_simulation/src/experiments/src/exp1.cpp:13:9:[m[K [01;31m[Kerror: [m[Kâ€˜[01m[Kcmd_vel_subscription_[m[Kâ€™ was not declared in this scope; did you mean â€˜[01m[Kcreate_subscription[m[Kâ€™?
   13 |         [01;31m[Kcmd_vel_subscription_[m[K = this -> create_subscription<geometry_msgs::msg::Twist>(
      |         [01;31m[K^~~~~~~~~~~~~~~~~~~~~[m[K
      |         [32m[Kcreate_subscription[m[K
[01m[K/home/hibiki/Robomech/Robo-MECS_exercise/001_robot_system/015_ros/omni_simulation/src/experiments/src/exp1.cpp:13:81:[m[K [01;31m[Kerror: [m[Kâ€˜[01m[KTwist[m[Kâ€™ is not a member of â€˜[01m[Kgeometry_msgs::msg[m[Kâ€™
   13 | subscription_ = this -> create_subscription<geometry_msgs::msg::[01;31m[KTwist[m[K>(
      |                                                                 [01;31m[K^~~~~[m[K

[01m[K/home/hibiki/Robomech/Robo-MECS_exercise/001_robot_system/015_ros/omni_simulation/src/experiments/src/exp1.cpp:13:87:[m[K [01;31m[Kerror: [m[Kno matching function for call to â€˜[01m[KPDCtl::create_subscription<<expression error> >(const char [9], int, std::_Bind_helper<false, void (PDCtl::*)(int), PDCtl*, const std::_Placeholder<1>&>::type)[m[Kâ€™
   13 | subscription_ = [01;31m[Kthis -> create_subscription<geometry_msgs::msg::Twist>([m[K
      |                 [01;31m[K~~~~~~~~~~~~~~~~~~~~~~~~~~~~~~~~~~~~~~~~~~~~~~~~~~~~~~^[m[K

   14 | [01;31m[Kd_vel", 10, std::bind(&PDCtl::cmd_vel_cb, this, _1))[m[K;
      | [01;31m[K~~~~~~~~~~~~~~~~~~~~~~~~~~~~~~~~~~~~~~~~~~~~~~~~~~~~[m[K                   

In file included from [01m[K/opt/ros/humble/include/rclcpp/rclcpp/executors/single_threaded_executor.hpp:28[m[K,
                 from [01m[K/opt/ros/humble/include/rclcpp/rclcpp/executors.hpp:22[m[K,
                 from [01m[K/opt/ros/humble/include/rclcpp/rclcpp/rclcpp.hpp:155[m[K,
                 from [01m[K/home/hibiki/Robomech/Robo-MECS_exercise/001_robot_system/015_ros/omni_simulation/src/experiments/src/exp1.cpp:1[m[K:
[01m[K/opt/ros/humble/include/rclcpp/rclcpp/node.hpp:219:3:[m[K [01;36m[Knote: [m[Kcandidate: â€˜[01m[Ktemplate<class MessageT, class CallbackT, class AllocatorT, class SubscriptionT, class MessageMemoryStrategyT> std::shared_ptr<ROSMessageT> rclcpp::Node::create_subscription(const string&, const rclcpp::QoS&, CallbackT&&, const rclcpp::SubscriptionOptionsWithAllocator<AllocatorT>&, typename MessageMemoryStrategyT::SharedPtr)[m[Kâ€™
  219 |   [01;36m[Kcreate_subscription[m[K(
      |   [01;36m[K^~~~~~~~~~~~~~~~~~~[m[K
[01m[K/opt/ros/humble/include/rclcpp/rclcpp/node.hpp:219:3:[m[K [01;36m[Knote: [m[K  template argument deduction/substitution failed:
[01m[K/home/hibiki/Robomech/Robo-MECS_exercise/001_robot_system/015_ros/omni_simulation/src/experiments/src/exp1.cpp:13:87:[m[K [01;31m[Kerror: [m[Ktemplate argument 1 is invalid
   13 | subscription_ = [01;31m[Kthis -> create_subscription<geometry_msgs::msg::Twist>([m[K
      |                 [01;31m[K~~~~~~~~~~~~~~~~~~~~~~~~~~~~~~~~~~~~~~~~~~~~~~~~~~~~~~^[m[K

   14 | [01;31m[Kd_vel", 10, std::bind(&PDCtl::cmd_vel_cb, this, _1))[m[K;
      | [01;31m[K~~~~~~~~~~~~~~~~~~~~~~~~~~~~~~~~~~~~~~~~~~~~~~~~~~~~[m[K                   

[01m[K/home/hibiki/Robomech/Robo-MECS_exercise/001_robot_system/015_ros/omni_simulation/src/experiments/src/exp1.cpp:17:9:[m[K [01;31m[Kerror: [m[Kâ€˜[01m[Kcmd_x_vel_publisher_[m[Kâ€™ was not declared in this scope
   17 |         [01;31m[Kcmd_x_vel_publisher_[m[K = this->create_publisher<std_msgs::msg::Float64>(
      |         [01;31m[K^~~~~~~~~~~~~~~~~~~~[m[K
[01m[K/home/hibiki/Robomech/Robo-MECS_exercise/001_robot_system/015_ros/omni_simulation/src/experiments/src/exp1.cpp:[m[K In member function â€˜[01m[Kvoid PDCtl::cmd_vel_cb(int)[m[Kâ€™:
[01m[K/home/hibiki/Robomech/Robo-MECS_exercise/001_robot_system/015_ros/omni_simulation/src/experiments/src/exp1.cpp:25:21:[m[K [01;31m[Kerror: [m[Krequest for member â€˜[01m[Klinear[m[Kâ€™ in â€˜[01m[Kmsg[m[Kâ€™, which is of non-class type â€˜[01m[Kconst int[m[Kâ€™
   25 |         vel_x = msg.[01;31m[Klinear[m[K.x;
      |                     [01;31m[K^~~~~~[m[K
[01m[K/home/hibiki/Robomech/Robo-MECS_exercise/001_robot_system/015_ros/omni_simulation/src/experiments/src/exp1.cpp:26:21:[m[K [01;31m[Kerror: [m[Krequest for member â€˜[01m[Klinear[m[Kâ€™ in â€˜[01m[Kmsg[m[Kâ€™, which is of non-class type â€˜[01m[Kconst int[m[Kâ€™
   26 |         vel_y = msg.[01;31m[Klinear[m[K.y;
      |                     [01;31m[K^~~~~~[m[K
[01m[K/home/hibiki/Robomech/Robo-MECS_exercise/001_robot_system/015_ros/omni_simulation/src/experiments/src/exp1.cpp:28:9:[m[K [01;31m[Kerror: [m[Kâ€˜[01m[Kcmd_x_vel_publisher_[m[Kâ€™ was not declared in this scope
   28 |         [01;31m[Kcmd_x_vel_publisher_[m[K->publish(vel_x);
      |         [01;31m[K^~~~~~~~~~~~~~~~~~~~[m[K
gmake[2]: *** [CMakeFiles/exp1.dir/build.make:76: CMakeFiles/exp1.dir/src/exp1.cpp.o] Error 1
gmake[1]: *** [CMakeFiles/Makefile2:137: CMakeFiles/exp1.dir/all] Error 2
gmake: *** [Makefile:146: all] Error 2
