[0.008s] Invoking command in '/home/hibiki/Robomech/Robo-MECS_exercise/001_robot_system/015_ros/omni_simulation/build/experiments': CMAKE_PREFIX_PATH=/opt/ros/humble /usr/bin/cmake --build /home/hibiki/Robomech/Robo-MECS_exercise/001_robot_system/015_ros/omni_simulation/build/experiments -- -j16 -l16
[0.031s] [ 50%] [32mBuilding CXX object CMakeFiles/exp1.dir/src/exp1.cpp.o[0m
[1.178s] [01m[K/home/hibiki/Robomech/Robo-MECS_exercise/001_robot_system/015_ros/omni_simulation/src/experiments/src/exp1.cpp:10:11:[m[K [01;31m[Kerror: [m[Kexpected â€˜[01m[K;[m[Kâ€™ at end of member declaration
[1.178s]    10 |     PDCtl([01;31m[K)[m[K Node("pd_ctl"){
[1.178s]       |           [01;31m[K^[m[K
[1.179s]       |            [32m[K;[m[K
[1.179s] [01m[K/home/hibiki/Robomech/Robo-MECS_exercise/001_robot_system/015_ros/omni_simulation/src/experiments/src/exp1.cpp:10:18:[m[K [01;31m[Kerror: [m[Kexpected unqualified-id before string constant
[1.179s]    10 |     PDCtl() Node([01;31m[K"pd_ctl"[m[K){
[1.179s]       |                  [01;31m[K^~~~~~~~[m[K
[1.179s] [01m[K/home/hibiki/Robomech/Robo-MECS_exercise/001_robot_system/015_ros/omni_simulation/src/experiments/src/exp1.cpp:10:18:[m[K [01;31m[Kerror: [m[Kexpected â€˜[01m[K)[m[Kâ€™ before string constant
[1.179s]    10 |     PDCtl() Node[34m[K([m[K[01;31m[K"[m[K[32m[Kpd_ctl"[m[K){
[1.179s]       |                 [34m[K~[m[K[01;31m[K^[m[K[32m[K~~~~~~~[m[K
[1.179s]       |                  [32m[K)[m[K
[1.179s] [01m[K/home/hibiki/Robomech/Robo-MECS_exercise/001_robot_system/015_ros/omni_simulation/src/experiments/src/exp1.cpp:23:47:[m[K [01;31m[Kerror: [m[Kâ€˜[01m[KTwist[m[Kâ€™ in namespace â€˜[01m[Kgeometry_msgs::msg[m[Kâ€™ does not name a type
[1.179s]    23 |     void cmd_vel_cb(const geometry_msgs::msg::[01;31m[KTwist[m[K msg){
[1.179s]       |                                               [01;31m[K^~~~~[m[K
[1.179s] [01m[K/home/hibiki/Robomech/Robo-MECS_exercise/001_robot_system/015_ros/omni_simulation/src/experiments/src/exp1.cpp:31:5:[m[K [01;31m[Kerror: [m[Kâ€˜[01m[Krclepp[m[Kâ€™ does not name a type
[1.179s]    31 |     [01;31m[Krclepp[m[K::Subscription<geometry_msgs::msg::Twist>::SharedPtr cmd_vel_subscription_;
[1.179s]       |     [01;31m[K^~~~~~[m[K
[1.182s] [01m[K/home/hibiki/Robomech/Robo-MECS_exercise/001_robot_system/015_ros/omni_simulation/src/experiments/src/exp1.cpp:33:23:[m[K [01;31m[Kerror: [m[Kâ€˜[01m[Kstd_mgs[m[Kâ€™ was not declared in this scope; did you mean â€˜[01m[Kstd_msgs[m[Kâ€™?
[1.182s]    33 |     rclcpp::Publisher<[01;31m[Kstd_mgs[m[K::msg::Float64>::SharedPtr cmd_x_vel_publisher_;
[1.182s]       |                       [01;31m[K^~~~~~~[m[K
[1.182s]       |                       [32m[Kstd_msgs[m[K
[1.182s] [01m[K/home/hibiki/Robomech/Robo-MECS_exercise/001_robot_system/015_ros/omni_simulation/src/experiments/src/exp1.cpp:33:44:[m[K [01;31m[Kerror: [m[Ktemplate argument 1 is invalid
[1.182s]    33 |     rclcpp::Publisher<std_mgs::msg::Float64[01;31m[K>[m[K::SharedPtr cmd_x_vel_publisher_;
[1.182s]       |                                            [01;31m[K^[m[K
[1.182s] [01m[K/home/hibiki/Robomech/Robo-MECS_exercise/001_robot_system/015_ros/omni_simulation/src/experiments/src/exp1.cpp:33:47:[m[K [01;31m[Kerror: [m[Kexpected â€˜[01m[K;[m[Kâ€™ at end of member declaration
[1.182s]    33 |     rclcpp::Publisher<std_mgs::msg::Float64>::[01;31m[KSharedPtr[m[K cmd_x_vel_publisher_;
[1.182s]       |                                               [01;31m[K^~~~~~~~~[m[K
[1.182s]       |                                                        [32m[K;[m[K
[1.184s] [01m[K/home/hibiki/Robomech/Robo-MECS_exercise/001_robot_system/015_ros/omni_simulation/src/experiments/src/exp1.cpp:33:57:[m[K [01;31m[Kerror: [m[Kâ€˜[01m[Kcmd_x_vel_publisher_[m[Kâ€™ does not name a type
[1.184s]    33 |     rclcpp::Publisher<std_mgs::msg::Float64>::SharedPtr [01;31m[Kcmd_x_vel_publisher_[m[K;
[1.184s]       |                                                         [01;31m[K^~~~~~~~~~~~~~~~~~~~[m[K
[1.184s] [01m[K/home/hibiki/Robomech/Robo-MECS_exercise/001_robot_system/015_ros/omni_simulation/src/experiments/src/exp1.cpp:[m[K In member function â€˜[01m[Kvoid PDCtl::cmd_vel_cb(int)[m[Kâ€™:
[1.184s] [01m[K/home/hibiki/Robomech/Robo-MECS_exercise/001_robot_system/015_ros/omni_simulation/src/experiments/src/exp1.cpp:24:21:[m[K [01;31m[Kerror: [m[Krequest for member â€˜[01m[Klinear[m[Kâ€™ in â€˜[01m[Kmsg[m[Kâ€™, which is of non-class type â€˜[01m[Kconst int[m[Kâ€™
[1.184s]    24 |         vel_x = msg.[01;31m[Klinear[m[K.x;
[1.184s]       |                     [01;31m[K^~~~~~[m[K
[1.184s] [01m[K/home/hibiki/Robomech/Robo-MECS_exercise/001_robot_system/015_ros/omni_simulation/src/experiments/src/exp1.cpp:25:21:[m[K [01;31m[Kerror: [m[Krequest for member â€˜[01m[Klinear[m[Kâ€™ in â€˜[01m[Kmsg[m[Kâ€™, which is of non-class type â€˜[01m[Kconst int[m[Kâ€™
[1.184s]    25 |         vel_y = msg.[01;31m[Klinear[m[K.y;
[1.184s]       |                     [01;31m[K^~~~~~[m[K
[1.190s] [01m[K/home/hibiki/Robomech/Robo-MECS_exercise/001_robot_system/015_ros/omni_simulation/src/experiments/src/exp1.cpp:27:9:[m[K [01;31m[Kerror: [m[Kâ€˜[01m[Kcmd_x_vel_publisher_[m[Kâ€™ was not declared in this scope
[1.190s]    27 |         [01;31m[Kcmd_x_vel_publisher_[m[K->publish(vel_x);
[1.190s]       |         [01;31m[K^~~~~~~~~~~~~~~~~~~~[m[K
[1.193s] [01m[K/home/hibiki/Robomech/Robo-MECS_exercise/001_robot_system/015_ros/omni_simulation/src/experiments/src/exp1.cpp:[m[K In function â€˜[01m[Kint main(int, char**)[m[Kâ€™:
[1.193s] [01m[K/home/hibiki/Robomech/Robo-MECS_exercise/001_robot_system/015_ros/omni_simulation/src/experiments/src/exp1.cpp:38:35:[m[K [01;31m[Kerror: [m[Kâ€˜[01m[KYawController[m[Kâ€™ was not declared in this scope
[1.193s]    38 |     rclcpp::spin(std::make_shared<[01;31m[KYawController[m[K>());
[1.193s]       |                                   [01;31m[K^~~~~~~~~~~~~[m[K
[1.193s] [01m[K/home/hibiki/Robomech/Robo-MECS_exercise/001_robot_system/015_ros/omni_simulation/src/experiments/src/exp1.cpp:38:49:[m[K [01;31m[Kerror: [m[Kno matching function for call to â€˜[01m[Kmake_shared<<expression error> >()[m[Kâ€™
[1.193s]    38 |     rclcpp::spin([01;31m[Kstd::make_shared<YawController>()[m[K);
[1.193s]       |                  [01;31m[K~~~~~~~~~~~~~~~~~~~~~~~~~~~~~~~^~[m[K
[1.193s] In file included from [01m[K/usr/include/c++/11/memory:77[m[K,
[1.193s]                  from [01m[K/opt/ros/humble/include/rclcpp/rclcpp/rclcpp.hpp:153[m[K,
[1.193s]                  from [01m[K/home/hibiki/Robomech/Robo-MECS_exercise/001_robot_system/015_ros/omni_simulation/src/experiments/src/exp1.cpp:1[m[K:
[1.193s] [01m[K/usr/include/c++/11/bits/shared_ptr.h:875:5:[m[K [01;36m[Knote: [m[Kcandidate: â€˜[01m[Ktemplate<class _Tp, class ... _Args> std::shared_ptr<_Tp> std::make_shared(_Args&& ...)[m[Kâ€™
[1.193s]   875 |     [01;36m[Kmake_shared[m[K(_Args&&... __args)
[1.193s]       |     [01;36m[K^~~~~~~~~~~[m[K
[1.193s] [01m[K/usr/include/c++/11/bits/shared_ptr.h:875:5:[m[K [01;36m[Knote: [m[K  template argument deduction/substitution failed:
[1.193s] [01m[K/home/hibiki/Robomech/Robo-MECS_exercise/001_robot_system/015_ros/omni_simulation/src/experiments/src/exp1.cpp:38:49:[m[K [01;31m[Kerror: [m[Ktemplate argument 1 is invalid
[1.193s]    38 |     rclcpp::spin([01;31m[Kstd::make_shared<YawController>()[m[K);
[1.193s]       |                  [01;31m[K~~~~~~~~~~~~~~~~~~~~~~~~~~~~~~~^~[m[K
[1.412s] gmake[2]: *** [CMakeFiles/exp1.dir/build.make:76: CMakeFiles/exp1.dir/src/exp1.cpp.o] Error 1
[1.412s] gmake[1]: *** [CMakeFiles/Makefile2:137: CMakeFiles/exp1.dir/all] Error 2
[1.412s] gmake: *** [Makefile:146: all] Error 2
[1.413s] Invoked command in '/home/hibiki/Robomech/Robo-MECS_exercise/001_robot_system/015_ros/omni_simulation/build/experiments' returned '2': CMAKE_PREFIX_PATH=/opt/ros/humble /usr/bin/cmake --build /home/hibiki/Robomech/Robo-MECS_exercise/001_robot_system/015_ros/omni_simulation/build/experiments -- -j16 -l16
